{
  "stats": {
    "suites": 1,
    "tests": 1,
    "passes": 1,
    "pending": 0,
    "failures": 0,
    "start": "2022-10-10T13:37:37.728Z",
    "end": "2022-10-10T13:37:49.760Z",
    "duration": 12032,
    "testsRegistered": 1,
    "passPercent": 100,
    "pendingPercent": 0,
    "other": 0,
    "hasOther": false,
    "skipped": 0,
    "hasSkipped": false
  },
  "results": [
    {
      "uuid": "5360a6fd-b885-43fc-967a-e2ed711a3328",
      "title": "",
      "fullFile": "cypress\\e2e\\1-getting-started\\context menu.cy.js",
      "file": "cypress\\e2e\\1-getting-started\\context menu.cy.js",
      "beforeHooks": [],
      "afterHooks": [],
      "tests": [],
      "suites": [
        {
          "uuid": "d3754ed6-06b9-443c-b45a-abf56c280607",
          "title": "contextmenu page",
          "fullFile": "",
          "file": "",
          "beforeHooks": [],
          "afterHooks": [],
          "tests": [
            {
              "title": "contetmenu alert",
              "fullTitle": "contextmenu page contetmenu alert",
              "timedOut": null,
              "duration": 9863,
              "state": "passed",
              "speed": "medium",
              "pass": true,
              "fail": false,
              "pending": false,
              "context": null,
              "code": "test.handleAlertMessage(); //handling the alert message",
              "err": {},
              "uuid": "965e147d-e67c-4522-b378-93e4f25b8c2a",
              "parentUUID": "d3754ed6-06b9-443c-b45a-abf56c280607",
              "isHook": false,
              "skipped": false
            }
          ],
          "suites": [],
          "passes": [
            "965e147d-e67c-4522-b378-93e4f25b8c2a"
          ],
          "failures": [],
          "pending": [],
          "skipped": [],
          "duration": 9863,
          "root": false,
          "rootEmpty": false,
          "_timeout": 2000
        }
      ],
      "passes": [],
      "failures": [],
      "pending": [],
      "skipped": [],
      "duration": 0,
      "root": true,
      "rootEmpty": true,
      "_timeout": 2000
    }
  ],
  "meta": {
    "mocha": {
      "version": "7.0.1"
    },
    "mochawesome": {
      "options": {
        "quiet": false,
        "reportFilename": "report",
        "saveHtml": true,
        "saveJson": true,
        "consoleReporter": "spec",
        "useInlineDiffs": false,
        "code": true
      },
      "version": "7.1.3"
    },
    "marge": {
      "options": {
        "reportDir": "cypress/results",
        "reportFilename": "report",
        "overwrite": false,
        "html": true,
        "json": true
      },
      "version": "6.2.0"
    }
  }
}