{
  "stats": {
    "suites": 1,
    "tests": 1,
    "passes": 1,
    "pending": 0,
    "failures": 0,
    "start": "2022-10-10T13:37:54.589Z",
    "end": "2022-10-10T13:38:08.555Z",
    "duration": 13966,
    "testsRegistered": 1,
    "passPercent": 100,
    "pendingPercent": 0,
    "other": 0,
    "hasOther": false,
    "skipped": 0,
    "hasSkipped": false
  },
  "results": [
    {
      "uuid": "aadaeed8-edcf-42d7-812b-09d921f117d9",
      "title": "",
      "fullFile": "cypress\\e2e\\1-getting-started\\drag and drop.cy.js",
      "file": "cypress\\e2e\\1-getting-started\\drag and drop.cy.js",
      "beforeHooks": [],
      "afterHooks": [],
      "tests": [],
      "suites": [
        {
          "uuid": "7303cb5b-6441-49d4-a6a5-c27bcd5ac50e",
          "title": "Drag and Drop",
          "fullFile": "",
          "file": "",
          "beforeHooks": [],
          "afterHooks": [],
          "tests": [
            {
              "title": "should drag and drop",
              "fullTitle": "Drag and Drop should drag and drop",
              "timedOut": null,
              "duration": 11699,
              "state": "passed",
              "speed": "slow",
              "pass": true,
              "fail": false,
              "pending": false,
              "context": null,
              "code": "test.pageVerify(); //Drag and Drop page verification\ntest.beforeDragAndDrop(); // verifying the data before drag and drop\ntest.draggingAndDroping(); // performing drag and drop operation\ntest.dragAndDropVerify(); //verifying the data after drag and drop",
              "err": {},
              "uuid": "67617f30-dad2-4afc-a641-01fe5f7484b9",
              "parentUUID": "7303cb5b-6441-49d4-a6a5-c27bcd5ac50e",
              "isHook": false,
              "skipped": false
            }
          ],
          "suites": [],
          "passes": [
            "67617f30-dad2-4afc-a641-01fe5f7484b9"
          ],
          "failures": [],
          "pending": [],
          "skipped": [],
          "duration": 11699,
          "root": false,
          "rootEmpty": false,
          "_timeout": 2000
        }
      ],
      "passes": [],
      "failures": [],
      "pending": [],
      "skipped": [],
      "duration": 0,
      "root": true,
      "rootEmpty": true,
      "_timeout": 2000
    }
  ],
  "meta": {
    "mocha": {
      "version": "7.0.1"
    },
    "mochawesome": {
      "options": {
        "quiet": false,
        "reportFilename": "report",
        "saveHtml": true,
        "saveJson": true,
        "consoleReporter": "spec",
        "useInlineDiffs": false,
        "code": true
      },
      "version": "7.1.3"
    },
    "marge": {
      "options": {
        "reportDir": "cypress/results",
        "reportFilename": "report",
        "overwrite": false,
        "html": true,
        "json": true
      },
      "version": "6.2.0"
    }
  }
}