{
  "stats": {
    "suites": 4,
    "tests": 6,
    "passes": 6,
    "pending": 0,
    "failures": 0,
    "start": "2022-10-11T06:58:37.334Z",
    "end": "2022-10-11T06:59:42.209Z",
    "duration": 47145,
    "testsRegistered": 6,
    "passPercent": 100,
    "pendingPercent": 0,
    "other": 0,
    "hasOther": false,
    "skipped": 0,
    "hasSkipped": false
  },
  "results": [
    {
      "uuid": "6276f853-43dc-4194-9a19-851d7b5b9261",
      "title": "",
      "fullFile": "cypress\\e2e\\1-getting-started\\context menu.cy.js",
      "file": "cypress\\e2e\\1-getting-started\\context menu.cy.js",
      "beforeHooks": [],
      "afterHooks": [],
      "tests": [],
      "suites": [
        {
          "uuid": "ab014ee0-2550-4477-ab9a-8ece9d804c60",
          "title": "contextmenu page",
          "fullFile": "",
          "file": "",
          "beforeHooks": [],
          "afterHooks": [],
          "tests": [
            {
              "title": "contetmenu alert",
              "fullTitle": "contextmenu page contetmenu alert",
              "timedOut": null,
              "duration": 5318,
              "state": "passed",
              "speed": "medium",
              "pass": true,
              "fail": false,
              "pending": false,
              "context": null,
              "code": "test.handleAlertMessage(); //handling the alert message",
              "err": {},
              "uuid": "0ed05a8e-6131-4043-ae1c-2112ac5b54a8",
              "parentUUID": "ab014ee0-2550-4477-ab9a-8ece9d804c60",
              "isHook": false,
              "skipped": false
            }
          ],
          "suites": [],
          "passes": [
            "0ed05a8e-6131-4043-ae1c-2112ac5b54a8"
          ],
          "failures": [],
          "pending": [],
          "skipped": [],
          "duration": 5318,
          "root": false,
          "rootEmpty": false,
          "_timeout": 2000
        }
      ],
      "passes": [],
      "failures": [],
      "pending": [],
      "skipped": [],
      "duration": 0,
      "root": true,
      "rootEmpty": true,
      "_timeout": 2000
    },
    {
      "uuid": "6556e005-a132-465c-8442-7a7afec93dea",
      "title": "",
      "fullFile": "cypress\\e2e\\1-getting-started\\drag and drop.cy.js",
      "file": "cypress\\e2e\\1-getting-started\\drag and drop.cy.js",
      "beforeHooks": [],
      "afterHooks": [],
      "tests": [],
      "suites": [
        {
          "uuid": "c4efdcd1-0711-4d25-a641-96e6f3d6bd4e",
          "title": "Drag and Drop",
          "fullFile": "",
          "file": "",
          "beforeHooks": [],
          "afterHooks": [],
          "tests": [
            {
              "title": "should drag and drop",
              "fullTitle": "Drag and Drop should drag and drop",
              "timedOut": null,
              "duration": 6105,
              "state": "passed",
              "speed": "medium",
              "pass": true,
              "fail": false,
              "pending": false,
              "context": null,
              "code": "test.pageVerify(); //Drag and Drop page verification\ntest.beforeDragAndDrop(); // verifying the data before drag and drop\ntest.draggingAndDroping(); // performing drag and drop operation\ntest.dragAndDropVerify(); //verifying the data after drag and drop",
              "err": {},
              "uuid": "f4335e91-b12b-4e57-b752-b2d53ebaabcf",
              "parentUUID": "c4efdcd1-0711-4d25-a641-96e6f3d6bd4e",
              "isHook": false,
              "skipped": false
            }
          ],
          "suites": [],
          "passes": [
            "f4335e91-b12b-4e57-b752-b2d53ebaabcf"
          ],
          "failures": [],
          "pending": [],
          "skipped": [],
          "duration": 6105,
          "root": false,
          "rootEmpty": false,
          "_timeout": 2000
        }
      ],
      "passes": [],
      "failures": [],
      "pending": [],
      "skipped": [],
      "duration": 0,
      "root": true,
      "rootEmpty": true,
      "_timeout": 2000
    },
    {
      "uuid": "471ce469-2490-4d85-9399-9888fba63a43",
      "title": "",
      "fullFile": "cypress\\e2e\\1-getting-started\\iframes.cy.js",
      "file": "cypress\\e2e\\1-getting-started\\iframes.cy.js",
      "beforeHooks": [],
      "afterHooks": [],
      "tests": [],
      "suites": [
        {
          "uuid": "6d2f0b0a-843b-4f36-bea6-554e4e3f5ac6",
          "title": "iframes page",
          "fullFile": "",
          "file": "",
          "beforeHooks": [],
          "afterHooks": [],
          "tests": [
            {
              "title": "iframe body",
              "fullTitle": "iframes page iframe body",
              "timedOut": null,
              "duration": 13319,
              "state": "passed",
              "speed": "slow",
              "pass": true,
              "fail": false,
              "pending": false,
              "context": null,
              "code": "test.getiFrameBody();\ncy.wait(3000);",
              "err": {},
              "uuid": "9b9dadfe-a30c-476d-a6df-101cb94cff24",
              "parentUUID": "6d2f0b0a-843b-4f36-bea6-554e4e3f5ac6",
              "isHook": false,
              "skipped": false
            },
            {
              "title": "should change the text color",
              "fullTitle": "iframes page should change the text color",
              "timedOut": null,
              "duration": 9594,
              "state": "passed",
              "speed": "medium",
              "pass": true,
              "fail": false,
              "pending": false,
              "context": null,
              "code": "test.getiFrameBody();\ntest.textFormatAction();\ntest.fontColor(); // test.verifyingtext()\ncy.wait(3000);",
              "err": {},
              "uuid": "40211545-8048-4964-8e3c-14095000a6f9",
              "parentUUID": "6d2f0b0a-843b-4f36-bea6-554e4e3f5ac6",
              "isHook": false,
              "skipped": false
            },
            {
              "title": "should alignment text",
              "fullTitle": "iframes page should alignment text",
              "timedOut": null,
              "duration": 5976,
              "state": "passed",
              "speed": "medium",
              "pass": true,
              "fail": false,
              "pending": false,
              "context": null,
              "code": "test.getiFrameBody();\ntest.textAlignment();",
              "err": {},
              "uuid": "d76d5916-f896-4741-9b76-975227995cfc",
              "parentUUID": "6d2f0b0a-843b-4f36-bea6-554e4e3f5ac6",
              "isHook": false,
              "skipped": false
            }
          ],
          "suites": [],
          "passes": [
            "9b9dadfe-a30c-476d-a6df-101cb94cff24",
            "40211545-8048-4964-8e3c-14095000a6f9",
            "d76d5916-f896-4741-9b76-975227995cfc"
          ],
          "failures": [],
          "pending": [],
          "skipped": [],
          "duration": 28889,
          "root": false,
          "rootEmpty": false,
          "_timeout": 2000
        }
      ],
      "passes": [],
      "failures": [],
      "pending": [],
      "skipped": [],
      "duration": 0,
      "root": true,
      "rootEmpty": true,
      "_timeout": 2000
    },
    {
      "uuid": "813532b5-f4a9-436e-ad16-e0b10fe23451",
      "title": "",
      "fullFile": "cypress\\e2e\\1-getting-started\\add or remove.cy.js",
      "file": "cypress\\e2e\\1-getting-started\\add or remove.cy.js",
      "beforeHooks": [],
      "afterHooks": [],
      "tests": [],
      "suites": [
        {
          "uuid": "8393f611-929d-401e-be49-ac35a96a453e",
          "title": "Exampletest cases",
          "fullFile": "",
          "file": "",
          "beforeHooks": [],
          "afterHooks": [],
          "tests": [
            {
              "title": "addorremoveelement",
              "fullTitle": "Exampletest cases addorremoveelement",
              "timedOut": null,
              "duration": 6833,
              "state": "passed",
              "speed": "medium",
              "pass": true,
              "fail": false,
              "pending": false,
              "context": null,
              "code": "test.buttonVerification(); //verifying whether the button is visible and enable\ntest.cilckingAddElement(); //performing click action on Add Element button\ntest.deleteButtonVisible(); //verifying whether Delete botton is visible and enabled\ntest.cilckingDeleteElement(); //performing click action on Delete button\ntest.deleteButtonNotVisible(); //verifying whether Delete botton is  not visible",
              "err": {},
              "uuid": "ea3b1ef9-1a2b-454c-8881-70d570cd2c18",
              "parentUUID": "8393f611-929d-401e-be49-ac35a96a453e",
              "isHook": false,
              "skipped": false
            }
          ],
          "suites": [],
          "passes": [
            "ea3b1ef9-1a2b-454c-8881-70d570cd2c18"
          ],
          "failures": [],
          "pending": [],
          "skipped": [],
          "duration": 6833,
          "root": false,
          "rootEmpty": false,
          "_timeout": 2000
        }
      ],
      "passes": [],
      "failures": [],
      "pending": [],
      "skipped": [],
      "duration": 0,
      "root": true,
      "rootEmpty": true,
      "_timeout": 2000
    }
  ],
  "meta": {
    "mocha": {
      "version": "7.0.1"
    },
    "mochawesome": {
      "options": {
        "quiet": false,
        "reportFilename": "report",
        "saveHtml": true,
        "saveJson": true,
        "consoleReporter": "spec",
        "useInlineDiffs": false,
        "code": true
      },
      "version": "7.1.3"
    },
    "marge": {
      "options": {
        "reportDir": "cypress/reports",
        "reportFilename": "report",
        "overwrite": false,
        "html": true,
        "json": true
      },
      "version": "6.2.0"
    }
  }
}