{
  "stats": {
    "suites": 1,
    "tests": 3,
    "passes": 3,
    "pending": 0,
    "failures": 0,
    "start": "2022-10-11T07:51:11.186Z",
    "end": "2022-10-11T07:51:43.135Z",
    "duration": 31949,
    "testsRegistered": 3,
    "passPercent": 100,
    "pendingPercent": 0,
    "other": 0,
    "hasOther": false,
    "skipped": 0,
    "hasSkipped": false
  },
  "results": [
    {
      "uuid": "7274719f-9843-4bef-9817-6d9698ae8176",
      "title": "",
      "fullFile": "cypress\\e2e\\1-getting-started\\iframes.cy.js",
      "file": "cypress\\e2e\\1-getting-started\\iframes.cy.js",
      "beforeHooks": [],
      "afterHooks": [],
      "tests": [],
      "suites": [
        {
          "uuid": "ad5ec213-7aca-45dc-b2f4-a5286589d178",
          "title": "iframes page",
          "fullFile": "",
          "file": "",
          "beforeHooks": [],
          "afterHooks": [],
          "tests": [
            {
              "title": "iframe body",
              "fullTitle": "iframes page iframe body",
              "timedOut": null,
              "duration": 13759,
              "state": "passed",
              "speed": "slow",
              "pass": true,
              "fail": false,
              "pending": false,
              "context": null,
              "code": "test.getiFrameBody();\ncy.wait(3000);",
              "err": {},
              "uuid": "2d5c4213-3f5f-4dd9-b89d-836658e9834f",
              "parentUUID": "ad5ec213-7aca-45dc-b2f4-a5286589d178",
              "isHook": false,
              "skipped": false
            },
            {
              "title": "should change the text color",
              "fullTitle": "iframes page should change the text color",
              "timedOut": null,
              "duration": 9993,
              "state": "passed",
              "speed": "medium",
              "pass": true,
              "fail": false,
              "pending": false,
              "context": null,
              "code": "test.getiFrameBody();\ntest.textFormatAction();\ntest.fontColor(); // test.verifyingtext()\ncy.wait(3000);",
              "err": {},
              "uuid": "ca431669-f1f2-497b-bebf-223ac2918251",
              "parentUUID": "ad5ec213-7aca-45dc-b2f4-a5286589d178",
              "isHook": false,
              "skipped": false
            },
            {
              "title": "should alignment text",
              "fullTitle": "iframes page should alignment text",
              "timedOut": null,
              "duration": 6275,
              "state": "passed",
              "speed": "medium",
              "pass": true,
              "fail": false,
              "pending": false,
              "context": null,
              "code": "test.getiFrameBody();\ntest.textAlignment();",
              "err": {},
              "uuid": "b8924a3b-a31c-43eb-a7a6-15752fb199af",
              "parentUUID": "ad5ec213-7aca-45dc-b2f4-a5286589d178",
              "isHook": false,
              "skipped": false
            }
          ],
          "suites": [],
          "passes": [
            "2d5c4213-3f5f-4dd9-b89d-836658e9834f",
            "ca431669-f1f2-497b-bebf-223ac2918251",
            "b8924a3b-a31c-43eb-a7a6-15752fb199af"
          ],
          "failures": [],
          "pending": [],
          "skipped": [],
          "duration": 30027,
          "root": false,
          "rootEmpty": false,
          "_timeout": 2000
        }
      ],
      "passes": [],
      "failures": [],
      "pending": [],
      "skipped": [],
      "duration": 0,
      "root": true,
      "rootEmpty": true,
      "_timeout": 2000
    }
  ],
  "meta": {
    "mocha": {
      "version": "7.0.1"
    },
    "mochawesome": {
      "options": {
        "quiet": false,
        "reportFilename": "report",
        "saveHtml": true,
        "saveJson": true,
        "consoleReporter": "spec",
        "useInlineDiffs": false,
        "code": true
      },
      "version": "7.1.3"
    },
    "marge": {
      "options": {
        "reportDir": "cypress/reports",
        "reportFilename": "report",
        "overwrite": false,
        "html": true,
        "json": true
      },
      "version": "6.2.0"
    }
  }
}