{
  "stats": {
    "suites": 1,
    "tests": 1,
    "passes": 1,
    "pending": 0,
    "failures": 0,
    "start": "2022-10-11T07:50:34.521Z",
    "end": "2022-10-11T07:50:44.471Z",
    "duration": 9950,
    "testsRegistered": 1,
    "passPercent": 100,
    "pendingPercent": 0,
    "other": 0,
    "hasOther": false,
    "skipped": 0,
    "hasSkipped": false
  },
  "results": [
    {
      "uuid": "1ac5f701-6060-4e96-a46d-0b33b764fd5b",
      "title": "",
      "fullFile": "cypress\\e2e\\1-getting-started\\context menu.cy.js",
      "file": "cypress\\e2e\\1-getting-started\\context menu.cy.js",
      "beforeHooks": [],
      "afterHooks": [],
      "tests": [],
      "suites": [
        {
          "uuid": "4000a0d7-bf1b-4b4d-893a-c5343bfbada8",
          "title": "contextmenu page",
          "fullFile": "",
          "file": "",
          "beforeHooks": [],
          "afterHooks": [],
          "tests": [
            {
              "title": "contetmenu alert",
              "fullTitle": "contextmenu page contetmenu alert",
              "timedOut": null,
              "duration": 7472,
              "state": "passed",
              "speed": "medium",
              "pass": true,
              "fail": false,
              "pending": false,
              "context": null,
              "code": "test.handleAlertMessage(); //handling the alert message",
              "err": {},
              "uuid": "e1f3dbd6-6dfb-4fad-a42f-fbe20fab4aaf",
              "parentUUID": "4000a0d7-bf1b-4b4d-893a-c5343bfbada8",
              "isHook": false,
              "skipped": false
            }
          ],
          "suites": [],
          "passes": [
            "e1f3dbd6-6dfb-4fad-a42f-fbe20fab4aaf"
          ],
          "failures": [],
          "pending": [],
          "skipped": [],
          "duration": 7472,
          "root": false,
          "rootEmpty": false,
          "_timeout": 2000
        }
      ],
      "passes": [],
      "failures": [],
      "pending": [],
      "skipped": [],
      "duration": 0,
      "root": true,
      "rootEmpty": true,
      "_timeout": 2000
    }
  ],
  "meta": {
    "mocha": {
      "version": "7.0.1"
    },
    "mochawesome": {
      "options": {
        "quiet": false,
        "reportFilename": "report",
        "saveHtml": true,
        "saveJson": true,
        "consoleReporter": "spec",
        "useInlineDiffs": false,
        "code": true
      },
      "version": "7.1.3"
    },
    "marge": {
      "options": {
        "reportDir": "cypress/reports",
        "reportFilename": "report",
        "overwrite": false,
        "html": true,
        "json": true
      },
      "version": "6.2.0"
    }
  }
}