{
  "stats": {
    "suites": 1,
    "tests": 1,
    "passes": 1,
    "pending": 0,
    "failures": 0,
    "start": "2022-10-11T07:50:09.058Z",
    "end": "2022-10-11T07:50:22.359Z",
    "duration": 13301,
    "testsRegistered": 1,
    "passPercent": 100,
    "pendingPercent": 0,
    "other": 0,
    "hasOther": false,
    "skipped": 0,
    "hasSkipped": false
  },
  "results": [
    {
      "uuid": "9dff0ec2-0608-41c4-9c8e-1b751d6a67e6",
      "title": "",
      "fullFile": "cypress\\e2e\\1-getting-started\\add or remove.cy.js",
      "file": "cypress\\e2e\\1-getting-started\\add or remove.cy.js",
      "beforeHooks": [],
      "afterHooks": [],
      "tests": [],
      "suites": [
        {
          "uuid": "eec19875-8b6a-4f12-a085-2e1d975e9227",
          "title": "Exampletest cases",
          "fullFile": "",
          "file": "",
          "beforeHooks": [],
          "afterHooks": [],
          "tests": [
            {
              "title": "addorremoveelement",
              "fullTitle": "Exampletest cases addorremoveelement",
              "timedOut": null,
              "duration": 8356,
              "state": "passed",
              "speed": "medium",
              "pass": true,
              "fail": false,
              "pending": false,
              "context": null,
              "code": "test.buttonVerification(); //verifying whether the button is visible and enable\ntest.cilckingAddElement(); //performing click action on Add Element button\ntest.deleteButtonVisible(); //verifying whether Delete botton is visible and enabled\ntest.cilckingDeleteElement(); //performing click action on Delete button\ntest.deleteButtonNotVisible(); //verifying whether Delete botton is  not visible",
              "err": {},
              "uuid": "dd12bf11-3ffe-4fa1-ae3a-e4143d22762e",
              "parentUUID": "eec19875-8b6a-4f12-a085-2e1d975e9227",
              "isHook": false,
              "skipped": false
            }
          ],
          "suites": [],
          "passes": [
            "dd12bf11-3ffe-4fa1-ae3a-e4143d22762e"
          ],
          "failures": [],
          "pending": [],
          "skipped": [],
          "duration": 8356,
          "root": false,
          "rootEmpty": false,
          "_timeout": 2000
        }
      ],
      "passes": [],
      "failures": [],
      "pending": [],
      "skipped": [],
      "duration": 0,
      "root": true,
      "rootEmpty": true,
      "_timeout": 2000
    }
  ],
  "meta": {
    "mocha": {
      "version": "7.0.1"
    },
    "mochawesome": {
      "options": {
        "quiet": false,
        "reportFilename": "report",
        "saveHtml": true,
        "saveJson": true,
        "consoleReporter": "spec",
        "useInlineDiffs": false,
        "code": true
      },
      "version": "7.1.3"
    },
    "marge": {
      "options": {
        "reportDir": "cypress/reports",
        "reportFilename": "report",
        "overwrite": false,
        "html": true,
        "json": true
      },
      "version": "6.2.0"
    }
  }
}