{
  "stats": {
    "suites": 1,
    "tests": 1,
    "passes": 1,
    "pending": 0,
    "failures": 0,
    "start": "2022-10-11T11:05:53.122Z",
    "end": "2022-10-11T11:06:12.910Z",
    "duration": 19788,
    "testsRegistered": 1,
    "passPercent": 100,
    "pendingPercent": 0,
    "other": 0,
    "hasOther": false,
    "skipped": 0,
    "hasSkipped": false
  },
  "results": [
    {
      "uuid": "65634198-edd5-4a29-8e64-45704142d796",
      "title": "",
      "fullFile": "cypress\\e2e\\1-getting-started\\context menu.cy.js",
      "file": "cypress\\e2e\\1-getting-started\\context menu.cy.js",
      "beforeHooks": [],
      "afterHooks": [],
      "tests": [],
      "suites": [
        {
          "uuid": "5bf89d8e-3c2e-4c90-884f-bdebd0b39326",
          "title": "ContextMenu Page",
          "fullFile": "",
          "file": "",
          "beforeHooks": [],
          "afterHooks": [],
          "tests": [
            {
              "title": "contetmenu alert",
              "fullTitle": "ContextMenu Page contetmenu alert",
              "timedOut": null,
              "duration": 17788,
              "state": "passed",
              "speed": "slow",
              "pass": true,
              "fail": false,
              "pending": false,
              "context": null,
              "code": "test.handleAlertMessage(); //handling the alert message",
              "err": {},
              "uuid": "a6d7e9d8-4c49-4c4b-84eb-51ace1833ed8",
              "parentUUID": "5bf89d8e-3c2e-4c90-884f-bdebd0b39326",
              "isHook": false,
              "skipped": false
            }
          ],
          "suites": [],
          "passes": [
            "a6d7e9d8-4c49-4c4b-84eb-51ace1833ed8"
          ],
          "failures": [],
          "pending": [],
          "skipped": [],
          "duration": 17788,
          "root": false,
          "rootEmpty": false,
          "_timeout": 2000
        }
      ],
      "passes": [],
      "failures": [],
      "pending": [],
      "skipped": [],
      "duration": 0,
      "root": true,
      "rootEmpty": true,
      "_timeout": 2000
    }
  ],
  "meta": {
    "mocha": {
      "version": "7.0.1"
    },
    "mochawesome": {
      "options": {
        "quiet": false,
        "reportFilename": "report",
        "saveHtml": true,
        "saveJson": true,
        "consoleReporter": "spec",
        "useInlineDiffs": false,
        "code": true
      },
      "version": "7.1.3"
    },
    "marge": {
      "options": {
        "reportDir": "cypress/reports",
        "reportFilename": "report",
        "overwrite": false,
        "html": true,
        "json": true
      },
      "version": "6.2.0"
    }
  }
}