{
  "stats": {
    "suites": 1,
    "tests": 1,
    "passes": 1,
    "pending": 0,
    "failures": 0,
    "start": "2022-10-11T10:17:50.428Z",
    "end": "2022-10-11T10:17:59.211Z",
    "duration": 8783,
    "testsRegistered": 1,
    "passPercent": 100,
    "pendingPercent": 0,
    "other": 0,
    "hasOther": false,
    "skipped": 0,
    "hasSkipped": false
  },
  "results": [
    {
      "uuid": "157f59bd-3479-4f4f-8455-cd07fab9f1ef",
      "title": "",
      "fullFile": "cypress\\e2e\\1-getting-started\\context menu.cy.js",
      "file": "cypress\\e2e\\1-getting-started\\context menu.cy.js",
      "beforeHooks": [],
      "afterHooks": [],
      "tests": [],
      "suites": [
        {
          "uuid": "86d37900-8ac3-4a79-99ec-32568c3ea4b9",
          "title": "ContextMenu Page",
          "fullFile": "",
          "file": "",
          "beforeHooks": [],
          "afterHooks": [],
          "tests": [
            {
              "title": "contetmenu alert",
              "fullTitle": "ContextMenu Page contetmenu alert",
              "timedOut": null,
              "duration": 6457,
              "state": "passed",
              "speed": "medium",
              "pass": true,
              "fail": false,
              "pending": false,
              "context": null,
              "code": "test.handleAlertMessage(); //handling the alert message",
              "err": {},
              "uuid": "09224a1e-d841-4e5b-b86f-3de331453cba",
              "parentUUID": "86d37900-8ac3-4a79-99ec-32568c3ea4b9",
              "isHook": false,
              "skipped": false
            }
          ],
          "suites": [],
          "passes": [
            "09224a1e-d841-4e5b-b86f-3de331453cba"
          ],
          "failures": [],
          "pending": [],
          "skipped": [],
          "duration": 6457,
          "root": false,
          "rootEmpty": false,
          "_timeout": 2000
        }
      ],
      "passes": [],
      "failures": [],
      "pending": [],
      "skipped": [],
      "duration": 0,
      "root": true,
      "rootEmpty": true,
      "_timeout": 2000
    }
  ],
  "meta": {
    "mocha": {
      "version": "7.0.1"
    },
    "mochawesome": {
      "options": {
        "quiet": false,
        "reportFilename": "report",
        "saveHtml": true,
        "saveJson": true,
        "consoleReporter": "spec",
        "useInlineDiffs": false,
        "code": true
      },
      "version": "7.1.3"
    },
    "marge": {
      "options": {
        "reportDir": "cypress/reports",
        "reportFilename": "report",
        "overwrite": false,
        "html": true,
        "json": true
      },
      "version": "6.2.0"
    }
  }
}