{
  "stats": {
    "suites": 1,
    "tests": 1,
    "passes": 1,
    "pending": 0,
    "failures": 0,
    "start": "2022-10-11T06:59:00.987Z",
    "end": "2022-10-11T06:59:08.531Z",
    "duration": 7544,
    "testsRegistered": 1,
    "passPercent": 100,
    "pendingPercent": 0,
    "other": 0,
    "hasOther": false,
    "skipped": 0,
    "hasSkipped": false
  },
  "results": [
    {
      "uuid": "6556e005-a132-465c-8442-7a7afec93dea",
      "title": "",
      "fullFile": "cypress\\e2e\\1-getting-started\\drag and drop.cy.js",
      "file": "cypress\\e2e\\1-getting-started\\drag and drop.cy.js",
      "beforeHooks": [],
      "afterHooks": [],
      "tests": [],
      "suites": [
        {
          "uuid": "c4efdcd1-0711-4d25-a641-96e6f3d6bd4e",
          "title": "Drag and Drop",
          "fullFile": "",
          "file": "",
          "beforeHooks": [],
          "afterHooks": [],
          "tests": [
            {
              "title": "should drag and drop",
              "fullTitle": "Drag and Drop should drag and drop",
              "timedOut": null,
              "duration": 6105,
              "state": "passed",
              "speed": "medium",
              "pass": true,
              "fail": false,
              "pending": false,
              "context": null,
              "code": "test.pageVerify(); //Drag and Drop page verification\ntest.beforeDragAndDrop(); // verifying the data before drag and drop\ntest.draggingAndDroping(); // performing drag and drop operation\ntest.dragAndDropVerify(); //verifying the data after drag and drop",
              "err": {},
              "uuid": "f4335e91-b12b-4e57-b752-b2d53ebaabcf",
              "parentUUID": "c4efdcd1-0711-4d25-a641-96e6f3d6bd4e",
              "isHook": false,
              "skipped": false
            }
          ],
          "suites": [],
          "passes": [
            "f4335e91-b12b-4e57-b752-b2d53ebaabcf"
          ],
          "failures": [],
          "pending": [],
          "skipped": [],
          "duration": 6105,
          "root": false,
          "rootEmpty": false,
          "_timeout": 2000
        }
      ],
      "passes": [],
      "failures": [],
      "pending": [],
      "skipped": [],
      "duration": 0,
      "root": true,
      "rootEmpty": true,
      "_timeout": 2000
    }
  ],
  "meta": {
    "mocha": {
      "version": "7.0.1"
    },
    "mochawesome": {
      "options": {
        "quiet": false,
        "reportFilename": "report",
        "saveHtml": true,
        "saveJson": true,
        "consoleReporter": "spec",
        "useInlineDiffs": false,
        "code": true
      },
      "version": "7.1.3"
    },
    "marge": {
      "options": {
        "reportDir": "cypress/reports",
        "reportFilename": "report",
        "overwrite": false,
        "html": true,
        "json": true
      },
      "version": "6.2.0"
    }
  }
}