{
  "stats": {
    "suites": 1,
    "tests": 3,
    "passes": 3,
    "pending": 0,
    "failures": 0,
    "start": "2022-10-11T07:50:03.128Z",
    "end": "2022-10-11T07:50:40.452Z",
    "duration": 37324,
    "testsRegistered": 3,
    "passPercent": 100,
    "pendingPercent": 0,
    "other": 0,
    "hasOther": false,
    "skipped": 0,
    "hasSkipped": false
  },
  "results": [
    {
      "uuid": "2f6e90e1-2b2d-429d-ab22-e94858a765cd",
      "title": "",
      "fullFile": "cypress\\e2e\\1-getting-started\\iframes.cy.js",
      "file": "cypress\\e2e\\1-getting-started\\iframes.cy.js",
      "beforeHooks": [],
      "afterHooks": [],
      "tests": [],
      "suites": [
        {
          "uuid": "6114d3bb-b793-4571-bb36-b2e0a6f6a23b",
          "title": "iframes page",
          "fullFile": "",
          "file": "",
          "beforeHooks": [],
          "afterHooks": [],
          "tests": [
            {
              "title": "iframe body",
              "fullTitle": "iframes page iframe body",
              "timedOut": null,
              "duration": 18451,
              "state": "passed",
              "speed": "slow",
              "pass": true,
              "fail": false,
              "pending": false,
              "context": null,
              "code": "test.getiFrameBody();\ncy.wait(3000);",
              "err": {},
              "uuid": "ea9ee3d8-f754-41f2-913a-c6b636f1d1ae",
              "parentUUID": "6114d3bb-b793-4571-bb36-b2e0a6f6a23b",
              "isHook": false,
              "skipped": false
            },
            {
              "title": "should change the text color",
              "fullTitle": "iframes page should change the text color",
              "timedOut": null,
              "duration": 10081,
              "state": "passed",
              "speed": "slow",
              "pass": true,
              "fail": false,
              "pending": false,
              "context": null,
              "code": "test.getiFrameBody();\ntest.textFormatAction();\ntest.fontColor(); // test.verifyingtext()\ncy.wait(3000);",
              "err": {},
              "uuid": "1feaeaa8-08b2-4ec0-92aa-7fc70d9a49b6",
              "parentUUID": "6114d3bb-b793-4571-bb36-b2e0a6f6a23b",
              "isHook": false,
              "skipped": false
            },
            {
              "title": "should alignment text",
              "fullTitle": "iframes page should alignment text",
              "timedOut": null,
              "duration": 6554,
              "state": "passed",
              "speed": "medium",
              "pass": true,
              "fail": false,
              "pending": false,
              "context": null,
              "code": "test.getiFrameBody();\ntest.textAlignment();",
              "err": {},
              "uuid": "e76a102b-3006-45a7-9f64-03df4d2cd6ed",
              "parentUUID": "6114d3bb-b793-4571-bb36-b2e0a6f6a23b",
              "isHook": false,
              "skipped": false
            }
          ],
          "suites": [],
          "passes": [
            "ea9ee3d8-f754-41f2-913a-c6b636f1d1ae",
            "1feaeaa8-08b2-4ec0-92aa-7fc70d9a49b6",
            "e76a102b-3006-45a7-9f64-03df4d2cd6ed"
          ],
          "failures": [],
          "pending": [],
          "skipped": [],
          "duration": 35086,
          "root": false,
          "rootEmpty": false,
          "_timeout": 2000
        }
      ],
      "passes": [],
      "failures": [],
      "pending": [],
      "skipped": [],
      "duration": 0,
      "root": true,
      "rootEmpty": true,
      "_timeout": 2000
    }
  ],
  "meta": {
    "mocha": {
      "version": "7.0.1"
    },
    "mochawesome": {
      "options": {
        "quiet": false,
        "reportFilename": "report",
        "saveHtml": true,
        "saveJson": true,
        "consoleReporter": "spec",
        "useInlineDiffs": false,
        "code": true
      },
      "version": "7.1.3"
    },
    "marge": {
      "options": {
        "reportDir": "cypress/reports",
        "reportFilename": "report",
        "overwrite": false,
        "html": true,
        "json": true
      },
      "version": "6.2.0"
    }
  }
}