{
  "stats": {
    "suites": 1,
    "tests": 1,
    "passes": 1,
    "pending": 0,
    "failures": 0,
    "start": "2022-10-11T07:49:26.128Z",
    "end": "2022-10-11T07:49:34.898Z",
    "duration": 8770,
    "testsRegistered": 1,
    "passPercent": 100,
    "pendingPercent": 0,
    "other": 0,
    "hasOther": false,
    "skipped": 0,
    "hasSkipped": false
  },
  "results": [
    {
      "uuid": "93c03fb6-280f-404c-94c6-4d68db0623c7",
      "title": "",
      "fullFile": "cypress\\e2e\\1-getting-started\\add or remove.cy.js",
      "file": "cypress\\e2e\\1-getting-started\\add or remove.cy.js",
      "beforeHooks": [],
      "afterHooks": [],
      "tests": [],
      "suites": [
        {
          "uuid": "42817ae9-636a-4d85-95c5-57e4e498f9fe",
          "title": "Exampletest cases",
          "fullFile": "",
          "file": "",
          "beforeHooks": [],
          "afterHooks": [],
          "tests": [
            {
              "title": "addorremoveelement",
              "fullTitle": "Exampletest cases addorremoveelement",
              "timedOut": null,
              "duration": 5908,
              "state": "passed",
              "speed": "medium",
              "pass": true,
              "fail": false,
              "pending": false,
              "context": null,
              "code": "test.buttonVerification(); //verifying whether the button is visible and enable\ntest.cilckingAddElement(); //performing click action on Add Element button\ntest.deleteButtonVisible(); //verifying whether Delete botton is visible and enabled\ntest.cilckingDeleteElement(); //performing click action on Delete button\ntest.deleteButtonNotVisible(); //verifying whether Delete botton is  not visible",
              "err": {},
              "uuid": "6c49b6c3-f7da-40a2-95c1-9576517e7976",
              "parentUUID": "42817ae9-636a-4d85-95c5-57e4e498f9fe",
              "isHook": false,
              "skipped": false
            }
          ],
          "suites": [],
          "passes": [
            "6c49b6c3-f7da-40a2-95c1-9576517e7976"
          ],
          "failures": [],
          "pending": [],
          "skipped": [],
          "duration": 5908,
          "root": false,
          "rootEmpty": false,
          "_timeout": 2000
        }
      ],
      "passes": [],
      "failures": [],
      "pending": [],
      "skipped": [],
      "duration": 0,
      "root": true,
      "rootEmpty": true,
      "_timeout": 2000
    }
  ],
  "meta": {
    "mocha": {
      "version": "7.0.1"
    },
    "mochawesome": {
      "options": {
        "quiet": false,
        "reportFilename": "report",
        "saveHtml": true,
        "saveJson": true,
        "consoleReporter": "spec",
        "useInlineDiffs": false,
        "code": true
      },
      "version": "7.1.3"
    },
    "marge": {
      "options": {
        "reportDir": "cypress/reports",
        "reportFilename": "report",
        "overwrite": false,
        "html": true,
        "json": true
      },
      "version": "6.2.0"
    }
  }
}