{
  "stats": {
    "suites": 1,
    "tests": 3,
    "passes": 3,
    "pending": 0,
    "failures": 0,
    "start": "2022-10-11T10:18:25.983Z",
    "end": "2022-10-11T10:19:02.395Z",
    "duration": 36412,
    "testsRegistered": 3,
    "passPercent": 100,
    "pendingPercent": 0,
    "other": 0,
    "hasOther": false,
    "skipped": 0,
    "hasSkipped": false
  },
  "results": [
    {
      "uuid": "8a0236fd-e5a4-4930-860e-9e23998b4ce0",
      "title": "",
      "fullFile": "cypress\\e2e\\1-getting-started\\iframes.cy.js",
      "file": "cypress\\e2e\\1-getting-started\\iframes.cy.js",
      "beforeHooks": [],
      "afterHooks": [],
      "tests": [],
      "suites": [
        {
          "uuid": "769e6246-b43e-4662-8d43-5fbefc28bd77",
          "title": "iframes Page",
          "fullFile": "",
          "file": "",
          "beforeHooks": [],
          "afterHooks": [],
          "tests": [
            {
              "title": "iframe body",
              "fullTitle": "iframes Page iframe body",
              "timedOut": null,
              "duration": 15731,
              "state": "passed",
              "speed": "slow",
              "pass": true,
              "fail": false,
              "pending": false,
              "context": null,
              "code": "test.getiFrameBody();\ncy.wait(3000);",
              "err": {},
              "uuid": "d22f1403-101b-4fe1-8d08-b0cfc083097d",
              "parentUUID": "769e6246-b43e-4662-8d43-5fbefc28bd77",
              "isHook": false,
              "skipped": false
            },
            {
              "title": "should change the text color",
              "fullTitle": "iframes Page should change the text color",
              "timedOut": null,
              "duration": 11166,
              "state": "passed",
              "speed": "slow",
              "pass": true,
              "fail": false,
              "pending": false,
              "context": null,
              "code": "test.getiFrameBody();\ntest.textFormatAction();\ntest.fontColor(); // test.verifyingtext()\ncy.wait(3000);",
              "err": {},
              "uuid": "90093dee-e9db-4695-adc6-b600a363af53",
              "parentUUID": "769e6246-b43e-4662-8d43-5fbefc28bd77",
              "isHook": false,
              "skipped": false
            },
            {
              "title": "should alignment text",
              "fullTitle": "iframes Page should alignment text",
              "timedOut": null,
              "duration": 6914,
              "state": "passed",
              "speed": "medium",
              "pass": true,
              "fail": false,
              "pending": false,
              "context": null,
              "code": "test.getiFrameBody();\ntest.textAlignment();",
              "err": {},
              "uuid": "b3897558-3dc2-4d2d-8e8d-921ff0e1f7c2",
              "parentUUID": "769e6246-b43e-4662-8d43-5fbefc28bd77",
              "isHook": false,
              "skipped": false
            }
          ],
          "suites": [],
          "passes": [
            "d22f1403-101b-4fe1-8d08-b0cfc083097d",
            "90093dee-e9db-4695-adc6-b600a363af53",
            "b3897558-3dc2-4d2d-8e8d-921ff0e1f7c2"
          ],
          "failures": [],
          "pending": [],
          "skipped": [],
          "duration": 33811,
          "root": false,
          "rootEmpty": false,
          "_timeout": 2000
        }
      ],
      "passes": [],
      "failures": [],
      "pending": [],
      "skipped": [],
      "duration": 0,
      "root": true,
      "rootEmpty": true,
      "_timeout": 2000
    }
  ],
  "meta": {
    "mocha": {
      "version": "7.0.1"
    },
    "mochawesome": {
      "options": {
        "quiet": false,
        "reportFilename": "report",
        "saveHtml": true,
        "saveJson": true,
        "consoleReporter": "spec",
        "useInlineDiffs": false,
        "code": true
      },
      "version": "7.1.3"
    },
    "marge": {
      "options": {
        "reportDir": "cypress/reports",
        "reportFilename": "report",
        "overwrite": false,
        "html": true,
        "json": true
      },
      "version": "6.2.0"
    }
  }
}