{
  "stats": {
    "suites": 1,
    "tests": 1,
    "passes": 1,
    "pending": 0,
    "failures": 0,
    "start": "2022-10-11T11:05:30.019Z",
    "end": "2022-10-11T11:05:42.116Z",
    "duration": 12097,
    "testsRegistered": 1,
    "passPercent": 100,
    "pendingPercent": 0,
    "other": 0,
    "hasOther": false,
    "skipped": 0,
    "hasSkipped": false
  },
  "results": [
    {
      "uuid": "4ae63a82-04ca-49ff-875e-4a68c9937e71",
      "title": "",
      "fullFile": "cypress\\e2e\\1-getting-started\\add or remove.cy.js",
      "file": "cypress\\e2e\\1-getting-started\\add or remove.cy.js",
      "beforeHooks": [],
      "afterHooks": [],
      "tests": [],
      "suites": [
        {
          "uuid": "f4701695-1218-4db3-8084-a4f75a3c30ab",
          "title": "Add/Remove Elements",
          "fullFile": "",
          "file": "",
          "beforeHooks": [],
          "afterHooks": [],
          "tests": [
            {
              "title": "addorremoveelement",
              "fullTitle": "Add/Remove Elements addorremoveelement",
              "timedOut": null,
              "duration": 9163,
              "state": "passed",
              "speed": "medium",
              "pass": true,
              "fail": false,
              "pending": false,
              "context": null,
              "code": "test.buttonVerification(); //verifying whether the button is visible and enable\ntest.cilckingAddElement(); //performing click action on Add Element button\ntest.deleteButtonVisible(); //verifying whether Delete botton is visible and enabled\ntest.cilckingDeleteElement(); //performing click action on Delete button\ntest.deleteButtonNotVisible(); //verifying whether Delete botton is  not visible",
              "err": {},
              "uuid": "e8e131fd-a770-4920-a21e-20b064e6955b",
              "parentUUID": "f4701695-1218-4db3-8084-a4f75a3c30ab",
              "isHook": false,
              "skipped": false
            }
          ],
          "suites": [],
          "passes": [
            "e8e131fd-a770-4920-a21e-20b064e6955b"
          ],
          "failures": [],
          "pending": [],
          "skipped": [],
          "duration": 9163,
          "root": false,
          "rootEmpty": false,
          "_timeout": 2000
        }
      ],
      "passes": [],
      "failures": [],
      "pending": [],
      "skipped": [],
      "duration": 0,
      "root": true,
      "rootEmpty": true,
      "_timeout": 2000
    }
  ],
  "meta": {
    "mocha": {
      "version": "7.0.1"
    },
    "mochawesome": {
      "options": {
        "quiet": false,
        "reportFilename": "report",
        "saveHtml": true,
        "saveJson": true,
        "consoleReporter": "spec",
        "useInlineDiffs": false,
        "code": true
      },
      "version": "7.1.3"
    },
    "marge": {
      "options": {
        "reportDir": "cypress/reports",
        "reportFilename": "report",
        "overwrite": false,
        "html": true,
        "json": true
      },
      "version": "6.2.0"
    }
  }
}