{
  "stats": {
    "suites": 1,
    "tests": 1,
    "passes": 1,
    "pending": 0,
    "failures": 0,
    "start": "2022-10-11T06:58:37.334Z",
    "end": "2022-10-11T06:58:47.008Z",
    "duration": 9674,
    "testsRegistered": 1,
    "passPercent": 100,
    "pendingPercent": 0,
    "other": 0,
    "hasOther": false,
    "skipped": 0,
    "hasSkipped": false
  },
  "results": [
    {
      "uuid": "813532b5-f4a9-436e-ad16-e0b10fe23451",
      "title": "",
      "fullFile": "cypress\\e2e\\1-getting-started\\add or remove.cy.js",
      "file": "cypress\\e2e\\1-getting-started\\add or remove.cy.js",
      "beforeHooks": [],
      "afterHooks": [],
      "tests": [],
      "suites": [
        {
          "uuid": "8393f611-929d-401e-be49-ac35a96a453e",
          "title": "Exampletest cases",
          "fullFile": "",
          "file": "",
          "beforeHooks": [],
          "afterHooks": [],
          "tests": [
            {
              "title": "addorremoveelement",
              "fullTitle": "Exampletest cases addorremoveelement",
              "timedOut": null,
              "duration": 6833,
              "state": "passed",
              "speed": "medium",
              "pass": true,
              "fail": false,
              "pending": false,
              "context": null,
              "code": "test.buttonVerification(); //verifying whether the button is visible and enable\ntest.cilckingAddElement(); //performing click action on Add Element button\ntest.deleteButtonVisible(); //verifying whether Delete botton is visible and enabled\ntest.cilckingDeleteElement(); //performing click action on Delete button\ntest.deleteButtonNotVisible(); //verifying whether Delete botton is  not visible",
              "err": {},
              "uuid": "ea3b1ef9-1a2b-454c-8881-70d570cd2c18",
              "parentUUID": "8393f611-929d-401e-be49-ac35a96a453e",
              "isHook": false,
              "skipped": false
            }
          ],
          "suites": [],
          "passes": [
            "ea3b1ef9-1a2b-454c-8881-70d570cd2c18"
          ],
          "failures": [],
          "pending": [],
          "skipped": [],
          "duration": 6833,
          "root": false,
          "rootEmpty": false,
          "_timeout": 2000
        }
      ],
      "passes": [],
      "failures": [],
      "pending": [],
      "skipped": [],
      "duration": 0,
      "root": true,
      "rootEmpty": true,
      "_timeout": 2000
    }
  ],
  "meta": {
    "mocha": {
      "version": "7.0.1"
    },
    "mochawesome": {
      "options": {
        "quiet": false,
        "reportFilename": "report",
        "saveHtml": true,
        "saveJson": true,
        "consoleReporter": "spec",
        "useInlineDiffs": false,
        "code": true
      },
      "version": "7.1.3"
    },
    "marge": {
      "options": {
        "reportDir": "cypress/reports",
        "reportFilename": "report",
        "overwrite": false,
        "html": true,
        "json": true
      },
      "version": "6.2.0"
    }
  }
}