{
  "stats": {
    "suites": 1,
    "tests": 1,
    "passes": 1,
    "pending": 0,
    "failures": 0,
    "start": "2022-10-11T07:49:38.819Z",
    "end": "2022-10-11T07:49:47.135Z",
    "duration": 8316,
    "testsRegistered": 1,
    "passPercent": 100,
    "pendingPercent": 0,
    "other": 0,
    "hasOther": false,
    "skipped": 0,
    "hasSkipped": false
  },
  "results": [
    {
      "uuid": "8a8d30c6-5186-4066-a2bb-9cd171ad4d6b",
      "title": "",
      "fullFile": "cypress\\e2e\\1-getting-started\\context menu.cy.js",
      "file": "cypress\\e2e\\1-getting-started\\context menu.cy.js",
      "beforeHooks": [],
      "afterHooks": [],
      "tests": [],
      "suites": [
        {
          "uuid": "910b08a7-fdc0-451a-ac65-836a56443fb1",
          "title": "contextmenu page",
          "fullFile": "",
          "file": "",
          "beforeHooks": [],
          "afterHooks": [],
          "tests": [
            {
              "title": "contetmenu alert",
              "fullTitle": "contextmenu page contetmenu alert",
              "timedOut": null,
              "duration": 6909,
              "state": "passed",
              "speed": "medium",
              "pass": true,
              "fail": false,
              "pending": false,
              "context": null,
              "code": "test.handleAlertMessage(); //handling the alert message",
              "err": {},
              "uuid": "678a1ae3-253b-4cb2-8c4b-4ad66b8b9ec3",
              "parentUUID": "910b08a7-fdc0-451a-ac65-836a56443fb1",
              "isHook": false,
              "skipped": false
            }
          ],
          "suites": [],
          "passes": [
            "678a1ae3-253b-4cb2-8c4b-4ad66b8b9ec3"
          ],
          "failures": [],
          "pending": [],
          "skipped": [],
          "duration": 6909,
          "root": false,
          "rootEmpty": false,
          "_timeout": 2000
        }
      ],
      "passes": [],
      "failures": [],
      "pending": [],
      "skipped": [],
      "duration": 0,
      "root": true,
      "rootEmpty": true,
      "_timeout": 2000
    }
  ],
  "meta": {
    "mocha": {
      "version": "7.0.1"
    },
    "mochawesome": {
      "options": {
        "quiet": false,
        "reportFilename": "report",
        "saveHtml": true,
        "saveJson": true,
        "consoleReporter": "spec",
        "useInlineDiffs": false,
        "code": true
      },
      "version": "7.1.3"
    },
    "marge": {
      "options": {
        "reportDir": "cypress/reports",
        "reportFilename": "report",
        "overwrite": false,
        "html": true,
        "json": true
      },
      "version": "6.2.0"
    }
  }
}