{
  "stats": {
    "suites": 1,
    "tests": 3,
    "passes": 3,
    "pending": 0,
    "failures": 0,
    "start": "2022-10-11T11:06:46.730Z",
    "end": "2022-10-11T11:07:30.205Z",
    "duration": 43475,
    "testsRegistered": 3,
    "passPercent": 100,
    "pendingPercent": 0,
    "other": 0,
    "hasOther": false,
    "skipped": 0,
    "hasSkipped": false
  },
  "results": [
    {
      "uuid": "f61a0a48-a78e-4ec2-9881-a6af2f02208f",
      "title": "",
      "fullFile": "cypress\\e2e\\1-getting-started\\iframes.cy.js",
      "file": "cypress\\e2e\\1-getting-started\\iframes.cy.js",
      "beforeHooks": [],
      "afterHooks": [],
      "tests": [],
      "suites": [
        {
          "uuid": "ddfe24da-f9d9-4534-a01a-2119e57c3a75",
          "title": "iframes Page",
          "fullFile": "",
          "file": "",
          "beforeHooks": [],
          "afterHooks": [],
          "tests": [
            {
              "title": "iframe body",
              "fullTitle": "iframes Page iframe body",
              "timedOut": null,
              "duration": 23003,
              "state": "passed",
              "speed": "slow",
              "pass": true,
              "fail": false,
              "pending": false,
              "context": null,
              "code": "test.getiFrameBody();\ncy.wait(3000);",
              "err": {},
              "uuid": "2f88811b-d865-4057-9fb3-df9614f9faf8",
              "parentUUID": "ddfe24da-f9d9-4534-a01a-2119e57c3a75",
              "isHook": false,
              "skipped": false
            },
            {
              "title": "should change the text color",
              "fullTitle": "iframes Page should change the text color",
              "timedOut": null,
              "duration": 10477,
              "state": "passed",
              "speed": "slow",
              "pass": true,
              "fail": false,
              "pending": false,
              "context": null,
              "code": "test.getiFrameBody();\ntest.textFormatAction();\ntest.fontColor(); // test.verifyingtext()\ncy.wait(3000);",
              "err": {},
              "uuid": "f3833528-0b60-46f1-b88b-feb4141c392a",
              "parentUUID": "ddfe24da-f9d9-4534-a01a-2119e57c3a75",
              "isHook": false,
              "skipped": false
            },
            {
              "title": "should alignment text",
              "fullTitle": "iframes Page should alignment text",
              "timedOut": null,
              "duration": 7696,
              "state": "passed",
              "speed": "medium",
              "pass": true,
              "fail": false,
              "pending": false,
              "context": null,
              "code": "test.getiFrameBody();\ntest.textAlignment();",
              "err": {},
              "uuid": "1a4d2142-a58c-4c06-b104-5e0c69bc2544",
              "parentUUID": "ddfe24da-f9d9-4534-a01a-2119e57c3a75",
              "isHook": false,
              "skipped": false
            }
          ],
          "suites": [],
          "passes": [
            "2f88811b-d865-4057-9fb3-df9614f9faf8",
            "f3833528-0b60-46f1-b88b-feb4141c392a",
            "1a4d2142-a58c-4c06-b104-5e0c69bc2544"
          ],
          "failures": [],
          "pending": [],
          "skipped": [],
          "duration": 41176,
          "root": false,
          "rootEmpty": false,
          "_timeout": 2000
        }
      ],
      "passes": [],
      "failures": [],
      "pending": [],
      "skipped": [],
      "duration": 0,
      "root": true,
      "rootEmpty": true,
      "_timeout": 2000
    }
  ],
  "meta": {
    "mocha": {
      "version": "7.0.1"
    },
    "mochawesome": {
      "options": {
        "quiet": false,
        "reportFilename": "report",
        "saveHtml": true,
        "saveJson": true,
        "consoleReporter": "spec",
        "useInlineDiffs": false,
        "code": true
      },
      "version": "7.1.3"
    },
    "marge": {
      "options": {
        "reportDir": "cypress/reports",
        "reportFilename": "report",
        "overwrite": false,
        "html": true,
        "json": true
      },
      "version": "6.2.0"
    }
  }
}